
--------------- Transferring files ... ------------------------------

Transferring in binary: C:\Users\andrerangel\OPAL-RT\RT-LABv2023.1_Workspace\Test_Stateflow\models\batch_events\batch_events_sm_master\OpREDHAWKtarget\batch_events_1_sm_master (SM_master) ... OK.
Transferring in binary: C:\Users\andrerangel\OPAL-RT\RT-LABv2023.1_Workspace\Test_Stateflow\models\batch_events\batch_events_sm_master\OpREDHAWKtarget\Opal*Creator.data (SM_master) ... OK.
Transferring in binary: C:\Users\andrerangel\OPAL-RT\RT-LABv2023.1_Workspace\Test_Stateflow\models\batch_events\batch_events_sm_master\OpREDHAWKtarget\settings.json (SM_master) ... OK.

--------------- Done transferring files -----------------------------


Executing script /usr/opalrt/v2023.1.0.533/common/python/rtlab/global/target_preload.py ... done
Executing script /usr/opalrt/v2023.1.0.533/common/python/rtlab/global/target_subsys_preload.py ... done
           Subsystem SM_master allocates 1 cores.
          model batch_events_1_sm_master assigned to logical cpu 1
            >>>> SessionRoot::initialize port 0
           Root initialized: 146.164.78.85:25304/resources/root
          Model 'batch_events_1_sm_master' compiled in RELEASE mode.
          16 CPUs active on this Computer
          OS version: Red Hat 5.2 (2.6.29.6-opalrt-6.2.1)
          libOpalR2021B.a : v2023.1.0.533 (build = undefined)
          Monitoring is enabled
          RECV: connection to host established
          SEND: connection to host established
          Display of standard output will be disabled
          SubSystem step size = 0.001000 sec. Status updated at every 1 local step.
          XHP mode enabled on this CPU.
          Synchronized with polling  software timer.
          Watchdog ready.
          Real-time SingleTasking mode.
          RT-LAB license ok. Unlimited time license.
          Snapshot taken (opbatch_events_sm_master_0.snap).
           [0]: PAUSE mode, IO set to pause value.
          		Total of 0 Overrun detected.
          		Mon Jul 10 09:45:05 2023

Starting transfer of /home/ws25/c/users/andrerangel/opal-rt/rt-labv2023.1_workspace/test_stateflow/models/batch_events/batch_events_sm_master/opbatch_events_sm_master_0.snap...
Transfer of /home/ws25/c/users/andrerangel/opal-rt/rt-labv2023.1_workspace/test_stateflow/models/batch_events/batch_events_sm_master/opbatch_events_sm_master_0.snap OK
          XHP mode enabled
           [1]: RUN mode, IO set to run value.
          		Synchronized step size = 1000 us.
          		Mon Jul 10 09:45:41 2023

          Main priority set to 99
          XHP mode disabled
           [28350]: Reset
          		Total of 0 Overrun detected.
          		Mon Jul 10 09:46:09 2023

          Reset done
Executing script /usr/opalrt/v2023.1.0.533/common/python/rtlab/global/target_postreset.py ... done
Executing script /usr/opalrt/v2023.1.0.533/common/python/rtlab/global/target_subsys_postreset.py ... done


--------------- Retrieving files ... ---------------------------------

Setting local directory to C:\Users\andrerangel\OPAL-RT\RT-LABv2023.1_Workspace\Test_Stateflow\models\batch_events\batch_events_sm_master\OpREDHAWKtarget\... OK.
Transferring in ascii mode /home/ws25/c/users/andrerangel/opal-rt/rt-labv2023.1_workspace/test_stateflow/models/batch_events/batch_events_sm_master/batch_events_1_sm_master_190_094504.log ... OK.
Transferring in ascii mode /home/ws25/c/users/andrerangel/opal-rt/rt-labv2023.1_workspace/test_stateflow/models/batch_events/target_report.xml ... OK.

--------------- Done retrieving files --------------------------------
