           Subsystem SM_master allocates 1 cores.
          model batch_events_3_super_1_sm_master assigned to logical cpu 1
            >>>> SessionRoot::initialize port 0
           Root initialized: 146.164.78.85:25306/resources/root
          Model 'batch_events_3_super_1_sm_master' compiled in RELEASE mode.
          16 CPUs active on this Computer
          OS version: Red Hat 5.2 (2.6.29.6-opalrt-6.2.1)
          libOpalR2021B.a : v2023.1.0.533 (build = undefined)
          Monitoring is enabled
          RECV: connection to host established
          SEND: connection to host established
          Display of standard output will be disabled
          SubSystem step size = 0.001000 sec. Status updated at every 1 local step.
          XHP mode enabled on this CPU.
          Synchronized with polling  software timer.
          Watchdog ready.
          Real-time SingleTasking mode.
          RT-LAB license ok. Unlimited time license.
          Snapshot taken (opbatch_events_3_super_sm_master_0.snap).
           [0]: PAUSE mode, IO set to pause value.
          		Total of 0 Overrun detected.
          		Tue Jul 11 11:13:25 2023

          RECV: connection to host closed
          SEND: connection to host closed
          RECV: connection to host established
          SEND: connection to host established
           [0]: Reset
          		Total of 0 Overrun detected.
          		Tue Jul 11 11:24:10 2023

          Reset done
