           Subsystem SM_master allocates 1 cores.
          model state_machine_by_cod_1_sm_master assigned to logical cpu 1
            >>>> SessionRoot::initialize port 0
           Root initialized: 146.164.78.85:25302/resources/root
          Model 'state_machine_by_cod_1_sm_master' compiled in RELEASE mode.
          16 CPUs active on this Computer
          OS version: Red Hat 5.2 (2.6.29.6-opalrt-6.2.1)
          libOpalR2021B.a : v2023.1.0.533 (build = undefined)
          Monitoring is enabled
          RECV: connection to host established
          SEND: connection to host established
          Display of standard output will be disabled
          SubSystem step size = 0.001000 sec. Status updated at every 1 local step.
          XHP mode enabled on this CPU.
          Synchronized with polling  software timer.
          Watchdog ready.
          Real-time SingleTasking mode.
          RT-LAB license ok. Unlimited time license.
          Snapshot taken (opstate_machine_by_cod_sm_master_0.snap).
           [0]: PAUSE mode, IO set to pause value.
          		Total of 0 Overrun detected.
          		Sun Jul  9 15:35:28 2023

          XHP mode enabled
           [1]: RUN mode, IO set to run value.
          		Synchronized step size = 1000 us.
          		Sun Jul  9 15:35:33 2023

          Main priority set to 99
          XHP mode disabled
           [48788]: Reset
          		Total of 0 Overrun detected.
          		Sun Jul  9 15:36:22 2023

          Reset done
